Using pre-set license
Built from '2020.3/staging' branch; Version is '2020.3.25f1 (9b9180224418) revision 10195328'; Using compiler version '192528614'; Build Type 'Release'
OS: 'Windows 10  (10.0.19042) 64bit Core' Language: 'en' Physical Memory: 16315 MB
BatchMode: 1, IsHumanControllingUs: 0, StartBugReporterOnCrash: 0, Is64bit: 1, IsPro: 0

COMMAND LINE ARGUMENTS:
C:\Program Files\Unity\Hub\Editor\2020.3.25f1\Editor\Unity.exe
-adb2
-batchMode
-noUpm
-name
AssetImportWorker0
-projectPath
D:/Unity Projects/Demons Within/Demons Within
-logFile
Logs/AssetImportWorker0.log
-srvPort
55088
Successfully changed project path to: D:/Unity Projects/Demons Within/Demons Within
D:/Unity Projects/Demons Within/Demons Within
Using Asset Import Pipeline V2.
Refreshing native plugins compatible for Editor in 101.75 ms, found 0 plugins.
Preloading 0 native plugins for Editor in 0.00 ms.
Initialize engine version: 2020.3.25f1 (9b9180224418)
[Subsystems] Discovering subsystems at path C:/Program Files/Unity/Hub/Editor/2020.3.25f1/Editor/Data/Resources/UnitySubsystems
[Subsystems] Discovering subsystems at path D:/Unity Projects/Demons Within/Demons Within/Assets
GfxDevice: creating device client; threaded=0
Direct3D:
    Version:  Direct3D 11.0 [level 11.1]
    Renderer: NVIDIA GeForce GTX 1080 (ID=0x1b80)
    Vendor:   
    VRAM:     8079 MB
    Driver:   30.0.14.9709
Initialize mono
Mono path[0] = 'C:/Program Files/Unity/Hub/Editor/2020.3.25f1/Editor/Data/Managed'
Mono path[1] = 'C:/Program Files/Unity/Hub/Editor/2020.3.25f1/Editor/Data/MonoBleedingEdge/lib/mono/unityjit'
Mono config path = 'C:/Program Files/Unity/Hub/Editor/2020.3.25f1/Editor/Data/MonoBleedingEdge/etc'
Using monoOptions --debugger-agent=transport=dt_socket,embedding=1,server=y,suspend=n,address=127.0.0.1:56432
Begin MonoManager ReloadAssembly
Registering precompiled unity dll's ...
Register platform support module: C:/Program Files/Unity/Hub/Editor/2020.3.25f1/Editor/Data/PlaybackEngines/WindowsStandaloneSupport/UnityEditor.WindowsStandalone.Extensions.dll
Registered in 0.002893 seconds.
Native extension for WindowsStandalone target not found
Refreshing native plugins compatible for Editor in 78.79 ms, found 0 plugins.
Preloading 0 native plugins for Editor in 0.00 ms.
Mono: successfully reloaded assembly
- Completed reload, in  0.745 seconds
Domain Reload Profiling:
	ReloadAssembly (745ms)
		BeginReloadAssembly (68ms)
			ExecutionOrderSort (0ms)
			DisableScriptedObjects (0ms)
			BackupInstance (0ms)
			ReleaseScriptingObjects (0ms)
			CreateAndSetChildDomain (1ms)
		EndReloadAssembly (580ms)
			LoadAssemblies (65ms)
			RebuildTransferFunctionScriptingTraits (0ms)
			SetupTypeCache (196ms)
			ReleaseScriptCaches (0ms)
			RebuildScriptCaches (34ms)
			SetupLoadedEditorAssemblies (222ms)
				LogAssemblyErrors (0ms)
				InitializePlatformSupportModulesInManaged (6ms)
				SetLoadedEditorAssemblies (0ms)
				RefreshPlugins (79ms)
				BeforeProcessingInitializeOnLoad (9ms)
				ProcessInitializeOnLoadAttributes (95ms)
				ProcessInitializeOnLoadMethodAttributes (32ms)
				AfterProcessingInitializeOnLoad (0ms)
				EditorAssembliesLoaded (0ms)
			ExecutionOrderSort2 (0ms)
			AwakeInstancesAfterBackupRestoration (0ms)
Platform modules already initialized, skipping
Registering precompiled user dll's ...
Registered in 0.006077 seconds.
Begin MonoManager ReloadAssembly
Native extension for WindowsStandalone target not found
Refreshing native plugins compatible for Editor in 1.71 ms, found 0 plugins.
Preloading 0 native plugins for Editor in 0.00 ms.
Mono: successfully reloaded assembly
- Completed reload, in  1.586 seconds
Domain Reload Profiling:
	ReloadAssembly (1587ms)
		BeginReloadAssembly (188ms)
			ExecutionOrderSort (0ms)
			DisableScriptedObjects (7ms)
			BackupInstance (0ms)
			ReleaseScriptingObjects (0ms)
			CreateAndSetChildDomain (24ms)
		EndReloadAssembly (1298ms)
			LoadAssemblies (126ms)
			RebuildTransferFunctionScriptingTraits (0ms)
			SetupTypeCache (472ms)
			ReleaseScriptCaches (1ms)
			RebuildScriptCaches (103ms)
			SetupLoadedEditorAssemblies (421ms)
				LogAssemblyErrors (0ms)
				InitializePlatformSupportModulesInManaged (6ms)
				SetLoadedEditorAssemblies (1ms)
				RefreshPlugins (2ms)
				BeforeProcessingInitializeOnLoad (94ms)
				ProcessInitializeOnLoadAttributes (184ms)
				ProcessInitializeOnLoadMethodAttributes (124ms)
				AfterProcessingInitializeOnLoad (10ms)
				EditorAssembliesLoaded (0ms)
			ExecutionOrderSort2 (0ms)
			AwakeInstancesAfterBackupRestoration (8ms)
Platform modules already initialized, skipping
========================================================================
Worker process is ready to serve import requests
Launched and connected shader compiler UnityShaderCompiler.exe after 0.08 seconds
Refreshing native plugins compatible for Editor in 0.96 ms, found 0 plugins.
Preloading 0 native plugins for Editor in 0.00 ms.
Unloading 2268 Unused Serialized files (Serialized files now loaded: 0)
System memory in use before: 117.5 MB.
System memory in use after: 117.4 MB.

Unloading 40 unused Assets to reduce memory usage. Loaded Objects now: 2694.
Total: 3.266200 ms (FindLiveObjects: 0.244600 ms CreateObjectMapping: 0.063400 ms MarkObjects: 2.725200 ms  DeleteObjects: 0.231600 ms)

AssetImportParameters requested are different than current active one (requested -> active):
  custom:framework-win-MediaFoundation: 216162199b28c13a410421893ffa2e32 -> 
  custom:video-decoder-ogg-theora: a1e56fd34408186e4bbccfd4996cb3dc -> 
  custom:container-muxer-webm: aa71ff27fc2769a1b78a27578f13a17b -> 
  custom:container-demuxer-webm: 4f35f7cbe854078d1ac9338744f61a02 -> 
  custom:container-demuxer-ogg: 62fdf1f143b41e24485cea50d1cbac27 -> 
  custom:video-encoder-webm-vp8: eb34c28f22e8b96e1ab97ce403110664 -> 
  custom:video-decoder-webm-vp8: 9c59270c3fd7afecdb556c50c9e8de78 -> 
  custom:audio-decoder-ogg-vorbis: bf7c407c2cedff20999df2af8eb42d56 -> 
  custom:audio-encoder-webm-vorbis: bf7c407c2cedff20999df2af8eb42d56 -> 
========================================================================
Received Import Request.
  path: Assets/Scenes
  artifactKey: Guid(84f885d255241da4eaeeb9ddf577fac1) Importer(815301076,1909f56bfc062723c751e8b465ee728b)
Start importing Assets/Scenes using Guid(84f885d255241da4eaeeb9ddf577fac1) Importer(815301076,1909f56bfc062723c751e8b465ee728b)  -> (artifact id: 'd3a3eca80f40ec72cb85f9fbd4f40786') in 0.005852 seconds 
  Import took 0.009739 seconds .

========================================================================
Received Import Request.
  Time since last request: 0.000363 seconds.
  path: Assets/Scenes/nicholas_editing.unity
  artifactKey: Guid(465a89014e1099540aa8d62b070bb607) Importer(815301076,1909f56bfc062723c751e8b465ee728b)
Start importing Assets/Scenes/nicholas_editing.unity using Guid(465a89014e1099540aa8d62b070bb607) Importer(815301076,1909f56bfc062723c751e8b465ee728b)  -> (artifact id: '7600c6e986b8168199b1a1ab22324fc3') in 0.011958 seconds 
  Import took 0.015799 seconds .

========================================================================
Received Prepare
Registering precompiled user dll's ...
Registered in 0.006470 seconds.
Begin MonoManager ReloadAssembly
Native extension for WindowsStandalone target not found
Refreshing native plugins compatible for Editor in 1.07 ms, found 0 plugins.
Preloading 0 native plugins for Editor in 0.00 ms.
Fixing exec order for 
UnityEngine.StackTraceUtility:ExtractStackTrace ()
UnityEngine.DebugLogHandler:LogFormat (UnityEngine.LogType,UnityEngine.Object,string,object[])
UnityEngine.Logger:Log (UnityEngine.LogType,object)
UnityEngine.Debug:Log (object)
DevionGames.StatSystem.ExecutionOrderValidator:.cctor () (at Assets/Devion Games/Stat System/Scripts/Editor/ExecutionOrderValidator.cs:18)
System.Runtime.CompilerServices.RuntimeHelpers:RunClassConstructor (System.RuntimeTypeHandle)
UnityEditor.EditorAssemblies:ProcessInitializeOnLoadAttributes (System.Type[])

(Filename: Assets/Devion Games/Stat System/Scripts/Editor/ExecutionOrderValidator.cs Line: 18)

Mono: successfully reloaded assembly
- Completed reload, in  1.137 seconds
Domain Reload Profiling:
	ReloadAssembly (1137ms)
		BeginReloadAssembly (160ms)
			ExecutionOrderSort (0ms)
			DisableScriptedObjects (8ms)
			BackupInstance (0ms)
			ReleaseScriptingObjects (0ms)
			CreateAndSetChildDomain (39ms)
		EndReloadAssembly (880ms)
			LoadAssemblies (134ms)
			RebuildTransferFunctionScriptingTraits (0ms)
			SetupTypeCache (316ms)
			ReleaseScriptCaches (1ms)
			RebuildScriptCaches (44ms)
			SetupLoadedEditorAssemblies (299ms)
				LogAssemblyErrors (0ms)
				InitializePlatformSupportModulesInManaged (6ms)
				SetLoadedEditorAssemblies (1ms)
				RefreshPlugins (1ms)
				BeforeProcessingInitializeOnLoad (68ms)
				ProcessInitializeOnLoadAttributes (136ms)
				ProcessInitializeOnLoadMethodAttributes (75ms)
				AfterProcessingInitializeOnLoad (12ms)
				EditorAssembliesLoaded (0ms)
			ExecutionOrderSort2 (0ms)
			AwakeInstancesAfterBackupRestoration (8ms)
Platform modules already initialized, skipping
Refreshing native plugins compatible for Editor in 0.86 ms, found 0 plugins.
Preloading 0 native plugins for Editor in 0.00 ms.
Unloading 2173 Unused Serialized files (Serialized files now loaded: 0)
System memory in use before: 108.4 MB.
System memory in use after: 108.2 MB.

Unloading 30 unused Assets to reduce memory usage. Loaded Objects now: 2697.
Total: 3.474900 ms (FindLiveObjects: 0.281000 ms CreateObjectMapping: 0.104500 ms MarkObjects: 2.871800 ms  DeleteObjects: 0.215700 ms)

AssetImportParameters requested are different than current active one (requested -> active):
  custom:framework-win-MediaFoundation: 216162199b28c13a410421893ffa2e32 -> 
  custom:video-decoder-ogg-theora: a1e56fd34408186e4bbccfd4996cb3dc -> 
  custom:container-muxer-webm: aa71ff27fc2769a1b78a27578f13a17b -> 
  custom:container-demuxer-webm: 4f35f7cbe854078d1ac9338744f61a02 -> 
  custom:container-demuxer-ogg: 62fdf1f143b41e24485cea50d1cbac27 -> 
  custom:video-encoder-webm-vp8: eb34c28f22e8b96e1ab97ce403110664 -> 
  custom:video-decoder-webm-vp8: 9c59270c3fd7afecdb556c50c9e8de78 -> 
  custom:audio-decoder-ogg-vorbis: bf7c407c2cedff20999df2af8eb42d56 -> 
  custom:audio-encoder-webm-vorbis: bf7c407c2cedff20999df2af8eb42d56 -> 
========================================================================
Received Prepare
Registering precompiled user dll's ...
Registered in 0.005813 seconds.
Begin MonoManager ReloadAssembly
Native extension for WindowsStandalone target not found
Refreshing native plugins compatible for Editor in 1.07 ms, found 0 plugins.
Preloading 0 native plugins for Editor in 0.00 ms.
Fixing exec order for 
UnityEngine.StackTraceUtility:ExtractStackTrace ()
UnityEngine.DebugLogHandler:LogFormat (UnityEngine.LogType,UnityEngine.Object,string,object[])
UnityEngine.Logger:Log (UnityEngine.LogType,object)
UnityEngine.Debug:Log (object)
DevionGames.StatSystem.ExecutionOrderValidator:.cctor () (at Assets/Devion Games/Stat System/Scripts/Editor/ExecutionOrderValidator.cs:18)
System.Runtime.CompilerServices.RuntimeHelpers:RunClassConstructor (System.RuntimeTypeHandle)
UnityEditor.EditorAssemblies:ProcessInitializeOnLoadAttributes (System.Type[])

(Filename: Assets/Devion Games/Stat System/Scripts/Editor/ExecutionOrderValidator.cs Line: 18)

Mono: successfully reloaded assembly
- Completed reload, in  1.069 seconds
Domain Reload Profiling:
	ReloadAssembly (1070ms)
		BeginReloadAssembly (141ms)
			ExecutionOrderSort (0ms)
			DisableScriptedObjects (8ms)
			BackupInstance (0ms)
			ReleaseScriptingObjects (0ms)
			CreateAndSetChildDomain (42ms)
		EndReloadAssembly (849ms)
			LoadAssemblies (112ms)
			RebuildTransferFunctionScriptingTraits (0ms)
			SetupTypeCache (261ms)
			ReleaseScriptCaches (1ms)
			RebuildScriptCaches (46ms)
			SetupLoadedEditorAssemblies (319ms)
				LogAssemblyErrors (0ms)
				InitializePlatformSupportModulesInManaged (9ms)
				SetLoadedEditorAssemblies (1ms)
				RefreshPlugins (1ms)
				BeforeProcessingInitializeOnLoad (70ms)
				ProcessInitializeOnLoadAttributes (142ms)
				ProcessInitializeOnLoadMethodAttributes (84ms)
				AfterProcessingInitializeOnLoad (13ms)
				EditorAssembliesLoaded (0ms)
			ExecutionOrderSort2 (0ms)
			AwakeInstancesAfterBackupRestoration (9ms)
Platform modules already initialized, skipping
Refreshing native plugins compatible for Editor in 1.04 ms, found 0 plugins.
Preloading 0 native plugins for Editor in 0.00 ms.
Unloading 2173 Unused Serialized files (Serialized files now loaded: 0)
System memory in use before: 108.5 MB.
System memory in use after: 108.4 MB.

Unloading 30 unused Assets to reduce memory usage. Loaded Objects now: 2700.
Total: 3.423600 ms (FindLiveObjects: 0.376000 ms CreateObjectMapping: 0.075200 ms MarkObjects: 2.757200 ms  DeleteObjects: 0.213400 ms)

AssetImportParameters requested are different than current active one (requested -> active):
  custom:framework-win-MediaFoundation: 216162199b28c13a410421893ffa2e32 -> 
  custom:video-decoder-ogg-theora: a1e56fd34408186e4bbccfd4996cb3dc -> 
  custom:container-muxer-webm: aa71ff27fc2769a1b78a27578f13a17b -> 
  custom:container-demuxer-webm: 4f35f7cbe854078d1ac9338744f61a02 -> 
  custom:container-demuxer-ogg: 62fdf1f143b41e24485cea50d1cbac27 -> 
  custom:video-encoder-webm-vp8: eb34c28f22e8b96e1ab97ce403110664 -> 
  custom:video-decoder-webm-vp8: 9c59270c3fd7afecdb556c50c9e8de78 -> 
  custom:audio-decoder-ogg-vorbis: bf7c407c2cedff20999df2af8eb42d56 -> 
  custom:audio-encoder-webm-vorbis: bf7c407c2cedff20999df2af8eb42d56 -> 
========================================================================
Received Prepare
Registering precompiled user dll's ...
Registered in 0.005568 seconds.
Begin MonoManager ReloadAssembly
Native extension for WindowsStandalone target not found
Refreshing native plugins compatible for Editor in 1.00 ms, found 0 plugins.
Preloading 0 native plugins for Editor in 0.00 ms.
Fixing exec order for 
UnityEngine.StackTraceUtility:ExtractStackTrace ()
UnityEngine.DebugLogHandler:LogFormat (UnityEngine.LogType,UnityEngine.Object,string,object[])
UnityEngine.Logger:Log (UnityEngine.LogType,object)
UnityEngine.Debug:Log (object)
DevionGames.StatSystem.ExecutionOrderValidator:.cctor () (at Assets/Devion Games/Stat System/Scripts/Editor/ExecutionOrderValidator.cs:18)
System.Runtime.CompilerServices.RuntimeHelpers:RunClassConstructor (System.RuntimeTypeHandle)
UnityEditor.EditorAssemblies:ProcessInitializeOnLoadAttributes (System.Type[])

(Filename: Assets/Devion Games/Stat System/Scripts/Editor/ExecutionOrderValidator.cs Line: 18)

Mono: successfully reloaded assembly
- Completed reload, in  1.026 seconds
Domain Reload Profiling:
	ReloadAssembly (1027ms)
		BeginReloadAssembly (132ms)
			ExecutionOrderSort (0ms)
			DisableScriptedObjects (7ms)
			BackupInstance (0ms)
			ReleaseScriptingObjects (0ms)
			CreateAndSetChildDomain (30ms)
		EndReloadAssembly (786ms)
			LoadAssemblies (109ms)
			RebuildTransferFunctionScriptingTraits (0ms)
			SetupTypeCache (249ms)
			ReleaseScriptCaches (1ms)
			RebuildScriptCaches (45ms)
			SetupLoadedEditorAssemblies (285ms)
				LogAssemblyErrors (0ms)
				InitializePlatformSupportModulesInManaged (6ms)
				SetLoadedEditorAssemblies (1ms)
				RefreshPlugins (1ms)
				BeforeProcessingInitializeOnLoad (62ms)
				ProcessInitializeOnLoadAttributes (132ms)
				ProcessInitializeOnLoadMethodAttributes (71ms)
				AfterProcessingInitializeOnLoad (12ms)
				EditorAssembliesLoaded (0ms)
			ExecutionOrderSort2 (0ms)
			AwakeInstancesAfterBackupRestoration (8ms)
Platform modules already initialized, skipping
Refreshing native plugins compatible for Editor in 0.89 ms, found 0 plugins.
Preloading 0 native plugins for Editor in 0.00 ms.
Unloading 2173 Unused Serialized files (Serialized files now loaded: 0)
System memory in use before: 108.5 MB.
System memory in use after: 108.5 MB.

Unloading 30 unused Assets to reduce memory usage. Loaded Objects now: 2703.
Total: 3.079000 ms (FindLiveObjects: 0.346900 ms CreateObjectMapping: 0.089800 ms MarkObjects: 2.452800 ms  DeleteObjects: 0.188200 ms)

AssetImportParameters requested are different than current active one (requested -> active):
  custom:framework-win-MediaFoundation: 216162199b28c13a410421893ffa2e32 -> 
  custom:video-decoder-ogg-theora: a1e56fd34408186e4bbccfd4996cb3dc -> 
  custom:container-muxer-webm: aa71ff27fc2769a1b78a27578f13a17b -> 
  custom:container-demuxer-webm: 4f35f7cbe854078d1ac9338744f61a02 -> 
  custom:container-demuxer-ogg: 62fdf1f143b41e24485cea50d1cbac27 -> 
  custom:video-encoder-webm-vp8: eb34c28f22e8b96e1ab97ce403110664 -> 
  custom:video-decoder-webm-vp8: 9c59270c3fd7afecdb556c50c9e8de78 -> 
  custom:audio-decoder-ogg-vorbis: bf7c407c2cedff20999df2af8eb42d56 -> 
  custom:audio-encoder-webm-vorbis: bf7c407c2cedff20999df2af8eb42d56 -> 
========================================================================
Received Import Request.
  Time since last request: 1147.883577 seconds.
  path: Assets/Scenes/old_scence_2.unity
  artifactKey: Guid(5b78f2aef2aece143bdd9de75a2dbb31) Importer(815301076,1909f56bfc062723c751e8b465ee728b)
Start importing Assets/Scenes/old_scence_2.unity using Guid(5b78f2aef2aece143bdd9de75a2dbb31) Importer(815301076,1909f56bfc062723c751e8b465ee728b)  -> (artifact id: '371a276e6219c544b2ae6f718d264204') in 0.033780 seconds 
  Import took 0.037552 seconds .

========================================================================
Received Prepare
Registering precompiled user dll's ...
Registered in 0.006217 seconds.
Begin MonoManager ReloadAssembly
Native extension for WindowsStandalone target not found
Refreshing native plugins compatible for Editor in 0.91 ms, found 0 plugins.
Preloading 0 native plugins for Editor in 0.00 ms.
Fixing exec order for 
UnityEngine.StackTraceUtility:ExtractStackTrace ()
UnityEngine.DebugLogHandler:LogFormat (UnityEngine.LogType,UnityEngine.Object,string,object[])
UnityEngine.Logger:Log (UnityEngine.LogType,object)
UnityEngine.Debug:Log (object)
DevionGames.StatSystem.ExecutionOrderValidator:.cctor () (at Assets/Devion Games/Stat System/Scripts/Editor/ExecutionOrderValidator.cs:18)
System.Runtime.CompilerServices.RuntimeHelpers:RunClassConstructor (System.RuntimeTypeHandle)
UnityEditor.EditorAssemblies:ProcessInitializeOnLoadAttributes (System.Type[])

(Filename: Assets/Devion Games/Stat System/Scripts/Editor/ExecutionOrderValidator.cs Line: 18)

Mono: successfully reloaded assembly
- Completed reload, in  1.211 seconds
Domain Reload Profiling:
	ReloadAssembly (1212ms)
		BeginReloadAssembly (116ms)
			ExecutionOrderSort (0ms)
			DisableScriptedObjects (6ms)
			BackupInstance (0ms)
			ReleaseScriptingObjects (0ms)
			CreateAndSetChildDomain (33ms)
		EndReloadAssembly (1019ms)
			LoadAssemblies (111ms)
			RebuildTransferFunctionScriptingTraits (0ms)
			SetupTypeCache (358ms)
			ReleaseScriptCaches (2ms)
			RebuildScriptCaches (83ms)
			SetupLoadedEditorAssemblies (288ms)
				LogAssemblyErrors (0ms)
				InitializePlatformSupportModulesInManaged (5ms)
				SetLoadedEditorAssemblies (1ms)
				RefreshPlugins (1ms)
				BeforeProcessingInitializeOnLoad (60ms)
				ProcessInitializeOnLoadAttributes (136ms)
				ProcessInitializeOnLoadMethodAttributes (75ms)
				AfterProcessingInitializeOnLoad (9ms)
				EditorAssembliesLoaded (0ms)
			ExecutionOrderSort2 (0ms)
			AwakeInstancesAfterBackupRestoration (8ms)
Platform modules already initialized, skipping
Refreshing native plugins compatible for Editor in 1.13 ms, found 0 plugins.
Preloading 0 native plugins for Editor in 0.00 ms.
Unloading 2173 Unused Serialized files (Serialized files now loaded: 0)
System memory in use before: 108.6 MB.
System memory in use after: 108.5 MB.

Unloading 30 unused Assets to reduce memory usage. Loaded Objects now: 2706.
Total: 3.581100 ms (FindLiveObjects: 0.265300 ms CreateObjectMapping: 0.066200 ms MarkObjects: 3.014400 ms  DeleteObjects: 0.233300 ms)

AssetImportParameters requested are different than current active one (requested -> active):
  custom:framework-win-MediaFoundation: 216162199b28c13a410421893ffa2e32 -> 
  custom:video-decoder-ogg-theora: a1e56fd34408186e4bbccfd4996cb3dc -> 
  custom:container-muxer-webm: aa71ff27fc2769a1b78a27578f13a17b -> 
  custom:container-demuxer-webm: 4f35f7cbe854078d1ac9338744f61a02 -> 
  custom:container-demuxer-ogg: 62fdf1f143b41e24485cea50d1cbac27 -> 
  custom:video-encoder-webm-vp8: eb34c28f22e8b96e1ab97ce403110664 -> 
  custom:video-decoder-webm-vp8: 9c59270c3fd7afecdb556c50c9e8de78 -> 
  custom:audio-decoder-ogg-vorbis: bf7c407c2cedff20999df2af8eb42d56 -> 
  custom:audio-encoder-webm-vorbis: bf7c407c2cedff20999df2af8eb42d56 -> 
========================================================================
Received Import Request.
  Time since last request: 33.609739 seconds.
  path: Assets/Scenes/map_edit.unity
  artifactKey: Guid(001cc8343f93b9e4da24083cf46b4b60) Importer(815301076,1909f56bfc062723c751e8b465ee728b)
Start importing Assets/Scenes/map_edit.unity using Guid(001cc8343f93b9e4da24083cf46b4b60) Importer(815301076,1909f56bfc062723c751e8b465ee728b)  -> (artifact id: 'e6f42b4c6a6a831488812ae0f7a92216') in 0.020351 seconds 
  Import took 0.024214 seconds .

========================================================================
Received Import Request.
  Time since last request: 0.877789 seconds.
  path: Assets/Scenes/nicholas_editing.unity
  artifactKey: Guid(465a89014e1099540aa8d62b070bb607) Importer(815301076,1909f56bfc062723c751e8b465ee728b)
Start importing Assets/Scenes/nicholas_editing.unity using Guid(465a89014e1099540aa8d62b070bb607) Importer(815301076,1909f56bfc062723c751e8b465ee728b)  -> (artifact id: '7918cf110f0ada83a764aede40ffdb28') in 0.002086 seconds 
  Import took 0.005776 seconds .

========================================================================
Received Prepare
Registering precompiled user dll's ...
Registered in 0.005766 seconds.
Begin MonoManager ReloadAssembly
Native extension for WindowsStandalone target not found
Refreshing native plugins compatible for Editor in 0.89 ms, found 0 plugins.
Preloading 0 native plugins for Editor in 0.00 ms.
Fixing exec order for 
UnityEngine.StackTraceUtility:ExtractStackTrace ()
UnityEngine.DebugLogHandler:LogFormat (UnityEngine.LogType,UnityEngine.Object,string,object[])
UnityEngine.Logger:Log (UnityEngine.LogType,object)
UnityEngine.Debug:Log (object)
DevionGames.StatSystem.ExecutionOrderValidator:.cctor () (at Assets/Devion Games/Stat System/Scripts/Editor/ExecutionOrderValidator.cs:18)
System.Runtime.CompilerServices.RuntimeHelpers:RunClassConstructor (System.RuntimeTypeHandle)
UnityEditor.EditorAssemblies:ProcessInitializeOnLoadAttributes (System.Type[])

(Filename: Assets/Devion Games/Stat System/Scripts/Editor/ExecutionOrderValidator.cs Line: 18)

Mono: successfully reloaded assembly
- Completed reload, in  0.979 seconds
Domain Reload Profiling:
	ReloadAssembly (980ms)
		BeginReloadAssembly (135ms)
			ExecutionOrderSort (0ms)
			DisableScriptedObjects (7ms)
			BackupInstance (0ms)
			ReleaseScriptingObjects (0ms)
			CreateAndSetChildDomain (34ms)
		EndReloadAssembly (771ms)
			LoadAssemblies (104ms)
			RebuildTransferFunctionScriptingTraits (0ms)
			SetupTypeCache (239ms)
			ReleaseScriptCaches (1ms)
			RebuildScriptCaches (44ms)
			SetupLoadedEditorAssemblies (286ms)
				LogAssemblyErrors (0ms)
				InitializePlatformSupportModulesInManaged (5ms)
				SetLoadedEditorAssemblies (1ms)
				RefreshPlugins (1ms)
				BeforeProcessingInitializeOnLoad (65ms)
				ProcessInitializeOnLoadAttributes (130ms)
				ProcessInitializeOnLoadMethodAttributes (71ms)
				AfterProcessingInitializeOnLoad (13ms)
				EditorAssembliesLoaded (0ms)
			ExecutionOrderSort2 (0ms)
			AwakeInstancesAfterBackupRestoration (8ms)
Platform modules already initialized, skipping
Refreshing native plugins compatible for Editor in 0.85 ms, found 0 plugins.
Preloading 0 native plugins for Editor in 0.00 ms.
Unloading 2173 Unused Serialized files (Serialized files now loaded: 0)
System memory in use before: 108.5 MB.
System memory in use after: 108.4 MB.

Unloading 30 unused Assets to reduce memory usage. Loaded Objects now: 2709.
Total: 3.092900 ms (FindLiveObjects: 0.243800 ms CreateObjectMapping: 0.062100 ms MarkObjects: 2.588500 ms  DeleteObjects: 0.197200 ms)

AssetImportParameters requested are different than current active one (requested -> active):
  custom:framework-win-MediaFoundation: 216162199b28c13a410421893ffa2e32 -> 
  custom:video-decoder-ogg-theora: a1e56fd34408186e4bbccfd4996cb3dc -> 
  custom:container-muxer-webm: aa71ff27fc2769a1b78a27578f13a17b -> 
  custom:container-demuxer-webm: 4f35f7cbe854078d1ac9338744f61a02 -> 
  custom:container-demuxer-ogg: 62fdf1f143b41e24485cea50d1cbac27 -> 
  custom:video-encoder-webm-vp8: eb34c28f22e8b96e1ab97ce403110664 -> 
  custom:video-decoder-webm-vp8: 9c59270c3fd7afecdb556c50c9e8de78 -> 
  custom:audio-decoder-ogg-vorbis: bf7c407c2cedff20999df2af8eb42d56 -> 
  custom:audio-encoder-webm-vorbis: bf7c407c2cedff20999df2af8eb42d56 -> 
========================================================================
Received Prepare
Registering precompiled user dll's ...
Registered in 0.005580 seconds.
Begin MonoManager ReloadAssembly
Native extension for WindowsStandalone target not found
Refreshing native plugins compatible for Editor in 0.97 ms, found 0 plugins.
Preloading 0 native plugins for Editor in 0.00 ms.
Fixing exec order for 
UnityEngine.StackTraceUtility:ExtractStackTrace ()
UnityEngine.DebugLogHandler:LogFormat (UnityEngine.LogType,UnityEngine.Object,string,object[])
UnityEngine.Logger:Log (UnityEngine.LogType,object)
UnityEngine.Debug:Log (object)
DevionGames.StatSystem.ExecutionOrderValidator:.cctor () (at Assets/Devion Games/Stat System/Scripts/Editor/ExecutionOrderValidator.cs:18)
System.Runtime.CompilerServices.RuntimeHelpers:RunClassConstructor (System.RuntimeTypeHandle)
UnityEditor.EditorAssemblies:ProcessInitializeOnLoadAttributes (System.Type[])

(Filename: Assets/Devion Games/Stat System/Scripts/Editor/ExecutionOrderValidator.cs Line: 18)

Mono: successfully reloaded assembly
- Completed reload, in  0.956 seconds
Domain Reload Profiling:
	ReloadAssembly (957ms)
		BeginReloadAssembly (123ms)
			ExecutionOrderSort (0ms)
			DisableScriptedObjects (7ms)
			BackupInstance (0ms)
			ReleaseScriptingObjects (0ms)
			CreateAndSetChildDomain (31ms)
		EndReloadAssembly (758ms)
			LoadAssemblies (108ms)
			RebuildTransferFunctionScriptingTraits (0ms)
			SetupTypeCache (234ms)
			ReleaseScriptCaches (1ms)
			RebuildScriptCaches (45ms)
			SetupLoadedEditorAssemblies (278ms)
				LogAssemblyErrors (0ms)
				InitializePlatformSupportModulesInManaged (5ms)
				SetLoadedEditorAssemblies (1ms)
				RefreshPlugins (1ms)
				BeforeProcessingInitializeOnLoad (60ms)
				ProcessInitializeOnLoadAttributes (129ms)
				ProcessInitializeOnLoadMethodAttributes (74ms)
				AfterProcessingInitializeOnLoad (9ms)
				EditorAssembliesLoaded (0ms)
			ExecutionOrderSort2 (0ms)
			AwakeInstancesAfterBackupRestoration (8ms)
Platform modules already initialized, skipping
Refreshing native plugins compatible for Editor in 0.84 ms, found 0 plugins.
Preloading 0 native plugins for Editor in 0.00 ms.
Unloading 2173 Unused Serialized files (Serialized files now loaded: 0)
System memory in use before: 108.6 MB.
System memory in use after: 108.5 MB.

Unloading 30 unused Assets to reduce memory usage. Loaded Objects now: 2712.
Total: 3.218700 ms (FindLiveObjects: 0.242600 ms CreateObjectMapping: 0.075600 ms MarkObjects: 2.698900 ms  DeleteObjects: 0.200100 ms)

AssetImportParameters requested are different than current active one (requested -> active):
  custom:framework-win-MediaFoundation: 216162199b28c13a410421893ffa2e32 -> 
  custom:video-decoder-ogg-theora: a1e56fd34408186e4bbccfd4996cb3dc -> 
  custom:container-muxer-webm: aa71ff27fc2769a1b78a27578f13a17b -> 
  custom:container-demuxer-webm: 4f35f7cbe854078d1ac9338744f61a02 -> 
  custom:container-demuxer-ogg: 62fdf1f143b41e24485cea50d1cbac27 -> 
  custom:video-encoder-webm-vp8: eb34c28f22e8b96e1ab97ce403110664 -> 
  custom:video-decoder-webm-vp8: 9c59270c3fd7afecdb556c50c9e8de78 -> 
  custom:audio-decoder-ogg-vorbis: bf7c407c2cedff20999df2af8eb42d56 -> 
  custom:audio-encoder-webm-vorbis: bf7c407c2cedff20999df2af8eb42d56 -> 
========================================================================
Received Import Request.
  Time since last request: 623.964538 seconds.
  path: Assets/Scenes/creature skeleton.unity
  artifactKey: Guid(786acf82ce2e39d47a6967d48618dacf) Importer(815301076,1909f56bfc062723c751e8b465ee728b)
Start importing Assets/Scenes/creature skeleton.unity using Guid(786acf82ce2e39d47a6967d48618dacf) Importer(815301076,1909f56bfc062723c751e8b465ee728b)  -> (artifact id: '9ad811fb0fac537a6a4310e160be8252') in 0.024859 seconds 
  Import took 0.028500 seconds .

========================================================================
Received Import Request.
  Time since last request: 15.042922 seconds.
  path: Assets/Scenes/nicholas_editing.unity
  artifactKey: Guid(465a89014e1099540aa8d62b070bb607) Importer(815301076,1909f56bfc062723c751e8b465ee728b)
Start importing Assets/Scenes/nicholas_editing.unity using Guid(465a89014e1099540aa8d62b070bb607) Importer(815301076,1909f56bfc062723c751e8b465ee728b)  -> (artifact id: '587b5a38683cd5f759923489ddc46912') in 0.001955 seconds 
  Import took 0.005517 seconds .

========================================================================
Received Import Request.
  Time since last request: 193.435588 seconds.
  path: Assets/Assets/50mmZoom.flare
  artifactKey: Guid(c5ad99fd7e5d96c408f6898a1174bef1) Importer(815301076,1909f56bfc062723c751e8b465ee728b)
Start importing Assets/Assets/50mmZoom.flare using Guid(c5ad99fd7e5d96c408f6898a1174bef1) Importer(815301076,1909f56bfc062723c751e8b465ee728b)  -> (artifact id: '2cdb8eede99eabdfefa49c4b0c71ee1f') in 0.146479 seconds 
  Import took 0.150585 seconds .

========================================================================
Received Import Request.
  Time since last request: 0.000266 seconds.
  path: Assets/Assets/Sun.prefab
  artifactKey: Guid(ca9c42f308470614cbe1076d6a1b3397) Importer(815301076,1909f56bfc062723c751e8b465ee728b)
Start importing Assets/Assets/Sun.prefab using Guid(ca9c42f308470614cbe1076d6a1b3397) Importer(815301076,1909f56bfc062723c751e8b465ee728b)  -> (artifact id: '09b661bc3d6aef148e0f2f08cca42740') in 0.024415 seconds 
  Import took 0.028237 seconds .

========================================================================
Received Import Request.
  Time since last request: 0.000255 seconds.
  path: Assets/Assets/Directional light.prefab
  artifactKey: Guid(261f2b2a4623aa040963473e0915443d) Importer(815301076,1909f56bfc062723c751e8b465ee728b)
Start importing Assets/Assets/Directional light.prefab using Guid(261f2b2a4623aa040963473e0915443d) Importer(815301076,1909f56bfc062723c751e8b465ee728b)  -> (artifact id: '0b16802447a010fe6ec299e50f37d3c0') in 0.004666 seconds 
  Import took 0.009259 seconds .

========================================================================
Received Import Request.
  Time since last request: 0.000232 seconds.
  path: Assets/Assets/brian.jpg
  artifactKey: Guid(3edb09472e2ae364dacfc115f522c314) Importer(815301076,1909f56bfc062723c751e8b465ee728b)
Start importing Assets/Assets/brian.jpg using Guid(3edb09472e2ae364dacfc115f522c314) Importer(815301076,1909f56bfc062723c751e8b465ee728b)  -> (artifact id: 'e931459d2fc335713b080fb3c84a4024') in 0.235402 seconds 
  Import took 0.238843 seconds .

========================================================================
Received Import Request.
  Time since last request: 0.000251 seconds.
  path: Assets/Assets/Ocean.prefab
  artifactKey: Guid(796cde2126f3f4344be39b8bc7aca037) Importer(815301076,1909f56bfc062723c751e8b465ee728b)
Start importing Assets/Assets/Ocean.prefab using Guid(796cde2126f3f4344be39b8bc7aca037) Importer(815301076,1909f56bfc062723c751e8b465ee728b)  -> (artifact id: 'f0e2542d2bc0b5b6b96b29aa604d1163') in 0.088550 seconds 
  Import took 0.092256 seconds .

========================================================================
Received Import Request.
  Time since last request: 0.000396 seconds.
  path: Assets/Assets/EPMPolyTerrainCreator.prefab
  artifactKey: Guid(4da85ae23b8f36647a4dcc2e06e55024) Importer(815301076,1909f56bfc062723c751e8b465ee728b)
Start importing Assets/Assets/EPMPolyTerrainCreator.prefab using Guid(4da85ae23b8f36647a4dcc2e06e55024) Importer(815301076,1909f56bfc062723c751e8b465ee728b)  -> (artifact id: 'dc1a6b10786df2ee85e000bd15fe5708') in 0.005324 seconds 
  Import took 0.009063 seconds .

========================================================================
Received Import Request.
  Time since last request: 0.000236 seconds.
  path: Assets/Assets/Dirt.jpg
  artifactKey: Guid(0ec5782e007cc074aacca21a0c252380) Importer(815301076,1909f56bfc062723c751e8b465ee728b)
Start importing Assets/Assets/Dirt.jpg using Guid(0ec5782e007cc074aacca21a0c252380) Importer(815301076,1909f56bfc062723c751e8b465ee728b)  -> (artifact id: '48f750c866634c1a8c5278cda8a9fc00') in 0.009310 seconds 
  Import took 0.012922 seconds .

========================================================================
Received Import Request.
  Time since last request: 0.000251 seconds.
  path: Assets/Assets/creatureskeleton.ht
  artifactKey: Guid(bc01c8323bede0b43b884005ea7b59b4) Importer(815301076,1909f56bfc062723c751e8b465ee728b)
Start importing Assets/Assets/creatureskeleton.ht using Guid(bc01c8323bede0b43b884005ea7b59b4) Importer(815301076,1909f56bfc062723c751e8b465ee728b)  -> (artifact id: 'a2005256a3c4c4e8416f4567372fea32') in 0.004472 seconds 
  Import took 0.008122 seconds .

========================================================================
Received Import Request.
  Time since last request: 9.128391 seconds.
  path: Assets/Prefabs
  artifactKey: Guid(c8478f4a25364d64d98907bd6e178115) Importer(815301076,1909f56bfc062723c751e8b465ee728b)
Start importing Assets/Prefabs using Guid(c8478f4a25364d64d98907bd6e178115) Importer(815301076,1909f56bfc062723c751e8b465ee728b)  -> (artifact id: '8ed17f2533cebc2ea8884a003bae3f2a') in 0.001802 seconds 
  Import took 0.005517 seconds .

========================================================================
Received Import Request.
  Time since last request: 0.056941 seconds.
  path: Assets/Prefabs/Brain Terrain.prefab
  artifactKey: Guid(4dbe1312395f6e24ea6ab39602faeec1) Importer(815301076,1909f56bfc062723c751e8b465ee728b)
Start importing Assets/Prefabs/Brain Terrain.prefab using Guid(4dbe1312395f6e24ea6ab39602faeec1) Importer(815301076,1909f56bfc062723c751e8b465ee728b)  -> (artifact id: '86b905e191f2fee157df80bf17f52a3a') in 1.682454 seconds 
  Import took 1.782492 seconds .

========================================================================
Received Import Request.
  Time since last request: 0.000326 seconds.
  path: Assets/Prefabs/Creature.prefab
  artifactKey: Guid(786d4d3d78635094bb27503748508e85) Importer(815301076,1909f56bfc062723c751e8b465ee728b)
Start importing Assets/Prefabs/Creature.prefab using Guid(786d4d3d78635094bb27503748508e85) Importer(815301076,1909f56bfc062723c751e8b465ee728b)  -> (artifact id: '5ecc2cc580ffe0872e1fd49d05dac74e') in 0.446748 seconds 
  Import took 0.451889 seconds .

========================================================================
Received Import Request.
  Time since last request: 0.000281 seconds.
  path: Assets/Prefabs/Directional Light.prefab
  artifactKey: Guid(ae5c81d373e61bc49b7589c8535dcd52) Importer(815301076,1909f56bfc062723c751e8b465ee728b)
Start importing Assets/Prefabs/Directional Light.prefab using Guid(ae5c81d373e61bc49b7589c8535dcd52) Importer(815301076,1909f56bfc062723c751e8b465ee728b)  -> (artifact id: 'bf6c59bcff63a944082362fd9a275d60') in 0.004547 seconds 
  Import took 0.009179 seconds .

========================================================================
Received Import Request.
  Time since last request: 0.000264 seconds.
  path: Assets/Prefabs/Character.prefab
  artifactKey: Guid(611c9993fa26e2e4f805c813f2c1a8b6) Importer(815301076,1909f56bfc062723c751e8b465ee728b)
Start importing Assets/Prefabs/Character.prefab using Guid(611c9993fa26e2e4f805c813f2c1a8b6) Importer(815301076,1909f56bfc062723c751e8b465ee728b)  -> (artifact id: '0871868ca81546700b595c8daa89fc92') in 0.108552 seconds 
  Import took 0.113979 seconds .

========================================================================
Received Import Request.
  Time since last request: 0.000264 seconds.
  path: Assets/Prefabs/Sword.prefab
  artifactKey: Guid(965d20469d2a29442b3702786164b86a) Importer(815301076,1909f56bfc062723c751e8b465ee728b)
Start importing Assets/Prefabs/Sword.prefab using Guid(965d20469d2a29442b3702786164b86a) Importer(815301076,1909f56bfc062723c751e8b465ee728b)  -> (artifact id: '6f53dba6dafaa589502cf93e672e5b23') in 0.010889 seconds 
  Import took 0.014803 seconds .

========================================================================
Received Import Request.
  Time since last request: 0.000323 seconds.
  path: Assets/Prefabs/Inventory.prefab
  artifactKey: Guid(288ac660a03657a40a03f56053588f14) Importer(815301076,1909f56bfc062723c751e8b465ee728b)
Start importing Assets/Prefabs/Inventory.prefab using Guid(288ac660a03657a40a03f56053588f14) Importer(815301076,1909f56bfc062723c751e8b465ee728b)  -> (artifact id: 'd373a317fe273f24679d853e037e5f10') in 0.151034 seconds 
  Import took 0.157377 seconds .

========================================================================
Received Import Request.
  Time since last request: 0.000273 seconds.
  path: Assets/Prefabs/Terrain.prefab
  artifactKey: Guid(a2a406adcaf0ff04487d063f343a27ff) Importer(815301076,1909f56bfc062723c751e8b465ee728b)
Start importing Assets/Prefabs/Terrain.prefab using Guid(a2a406adcaf0ff04487d063f343a27ff) Importer(815301076,1909f56bfc062723c751e8b465ee728b) Unknown error occurred while loading 'Assets/Terrain/_TerrainData/TerrainData_440048853528524736.asset'.
 -> (artifact id: '77418846fabfe2c369d9f145e41cf276') in 0.892802 seconds 
  Import took 0.984358 seconds .

========================================================================
Received Import Request.
  Time since last request: 0.000231 seconds.
  path: Assets/Prefabs/Torch.prefab
  artifactKey: Guid(528d45360f78e9649a468f148c65d901) Importer(815301076,1909f56bfc062723c751e8b465ee728b)
Start importing Assets/Prefabs/Torch.prefab using Guid(528d45360f78e9649a468f148c65d901) Importer(815301076,1909f56bfc062723c751e8b465ee728b)  -> (artifact id: '60f9a8464177987faf305f7e11437f99') in 0.014107 seconds 
  Import took 0.018470 seconds .

========================================================================
Received Import Request.
  Time since last request: 0.000247 seconds.
  path: Assets/Prefabs/Terrain.prefab
  artifactKey: Guid(a2a406adcaf0ff04487d063f343a27ff) Importer(815301076,1909f56bfc062723c751e8b465ee728b)
Start importing Assets/Prefabs/Terrain.prefab using Guid(a2a406adcaf0ff04487d063f343a27ff) Importer(815301076,1909f56bfc062723c751e8b465ee728b)  -> (artifact id: '77418846fabfe2c369d9f145e41cf276') in 0.908204 seconds 
  Import took 1.001869 seconds .

========================================================================
Received Import Request.
  Time since last request: 0.000269 seconds.
  path: Assets/Prefabs/Ocean.prefab
  artifactKey: Guid(d7ef7c576fa41b440afdfed6968d4af3) Importer(815301076,1909f56bfc062723c751e8b465ee728b)
Start importing Assets/Prefabs/Ocean.prefab using Guid(d7ef7c576fa41b440afdfed6968d4af3) Importer(815301076,1909f56bfc062723c751e8b465ee728b)  -> (artifact id: '0297d6e030128991f58e6b07b81b5ac6') in 0.022791 seconds 
  Import took 0.026929 seconds .

========================================================================
Received Import Request.
  Time since last request: 76.920800 seconds.
  path: Assets/Imports
  artifactKey: Guid(dbbb7bdc79b9dd140be6faa4dad3a9a8) Importer(815301076,1909f56bfc062723c751e8b465ee728b)
Start importing Assets/Imports using Guid(dbbb7bdc79b9dd140be6faa4dad3a9a8) Importer(815301076,1909f56bfc062723c751e8b465ee728b)  -> (artifact id: 'ddb50eca743be9e3d9cdd41bd164f92c') in 0.001730 seconds 
  Import took 0.005525 seconds .

========================================================================
Received Import Request.
  Time since last request: 0.040581 seconds.
  path: Assets/Imports/uploads_files_782603_torch 1.fbx
  artifactKey: Guid(8a0d692505d2a1746bc67b025abbc556) Importer(815301076,1909f56bfc062723c751e8b465ee728b)
Start importing Assets/Imports/uploads_files_782603_torch 1.fbx using Guid(8a0d692505d2a1746bc67b025abbc556) Importer(815301076,1909f56bfc062723c751e8b465ee728b)  -> (artifact id: '38bb23da09a125321eff7a7171f63edb') in 0.227684 seconds 
  Import took 0.232661 seconds .

========================================================================
Received Import Request.
  Time since last request: 0.000253 seconds.
  path: Assets/Imports/uploads_files_782603_torch.fbx
  artifactKey: Guid(2d2de050c2a474c4abee1f53d560c220) Importer(815301076,1909f56bfc062723c751e8b465ee728b)
Start importing Assets/Imports/uploads_files_782603_torch.fbx using Guid(2d2de050c2a474c4abee1f53d560c220) Importer(815301076,1909f56bfc062723c751e8b465ee728b)  -> (artifact id: '90dd4eb3824962807176a80256229717') in 0.092865 seconds 
  Import took 0.097829 seconds .

========================================================================
Received Import Request.
  Time since last request: 0.000259 seconds.
  path: Assets/Imports/uploads_files_782603_torch.blend
  artifactKey: Guid(107a1318748df0644a64f119ab4972aa) Importer(815301076,1909f56bfc062723c751e8b465ee728b)
Start importing Assets/Imports/uploads_files_782603_torch.blend using Guid(107a1318748df0644a64f119ab4972aa) Importer(815301076,1909f56bfc062723c751e8b465ee728b)  -> (artifact id: 'fbce59ae7dbdf2f51dce1bace3e25d3c') in 0.122135 seconds 
  Import took 0.127593 seconds .

========================================================================
Received Import Request.
  Time since last request: 0.717490 seconds.
  path: Assets/Imports/sheild.stl
  artifactKey: Guid(6e7eb3278ba3084458828bf95b08deb4) Importer(815301076,1909f56bfc062723c751e8b465ee728b)
Start importing Assets/Imports/sheild.stl using Guid(6e7eb3278ba3084458828bf95b08deb4) Importer(815301076,1909f56bfc062723c751e8b465ee728b)  -> (artifact id: '408817311ef6fd4d767217de73bef4f4') in 0.018847 seconds 
  Import took 0.023050 seconds .

========================================================================
Received Import Request.
  Time since last request: 82.094358 seconds.
  path: Assets/Imports/actualTerrainData.unitypackage
  artifactKey: Guid(b82d57983887b7c47957c3cf97ca418a) Importer(815301076,1909f56bfc062723c751e8b465ee728b)
Start importing Assets/Imports/actualTerrainData.unitypackage using Guid(b82d57983887b7c47957c3cf97ca418a) Importer(815301076,1909f56bfc062723c751e8b465ee728b)  -> (artifact id: '9b3a57efbc804bf363f7056b9e186b97') in 0.006118 seconds 
  Import took 0.010987 seconds .

========================================================================
Received Import Request.
  Time since last request: 15.793621 seconds.
  path: Assets/Imports/Shield
  artifactKey: Guid(b4a38ab3ccbd504439c44c5c4c8f358d) Importer(815301076,1909f56bfc062723c751e8b465ee728b)
Start importing Assets/Imports/Shield using Guid(b4a38ab3ccbd504439c44c5c4c8f358d) Importer(815301076,1909f56bfc062723c751e8b465ee728b)  -> (artifact id: '025ff52818c717e8416ad71977adafb9') in 0.002214 seconds 
  Import took 0.009054 seconds .

========================================================================
Received Import Request.
  Time since last request: 64.095754 seconds.
  path: Assets/Imports/Shield/sheild_2.obj
  artifactKey: Guid(ee3cd21b3f2108b47bb62d42c5ba759f) Importer(815301076,1909f56bfc062723c751e8b465ee728b)
Start importing Assets/Imports/Shield/sheild_2.obj using Guid(ee3cd21b3f2108b47bb62d42c5ba759f) Importer(815301076,1909f56bfc062723c751e8b465ee728b)  -> (artifact id: '53050cf2d2ffbc1a25bec8c7497a765d') in 0.028488 seconds 
  Import took 0.032704 seconds .

========================================================================
Received Import Request.
  Time since last request: 60.613516 seconds.
  path: Assets/Imports/Shield/Shield.obj
  artifactKey: Guid(ee3cd21b3f2108b47bb62d42c5ba759f) Importer(815301076,1909f56bfc062723c751e8b465ee728b)
Start importing Assets/Imports/Shield/Shield.obj using Guid(ee3cd21b3f2108b47bb62d42c5ba759f) Importer(815301076,1909f56bfc062723c751e8b465ee728b)  -> (artifact id: 'a6a95be3d162666de648e5719541b934') in 0.024150 seconds 
  Import took 0.028021 seconds .

AssetImportWorkerClient::OnTransportError - code=2 error=End of file
