
=== Sat May  1 13:55:12 2021

Packages were changed.
Update Mode: resetToDefaultDependencies

The following packages were added:
  com.unity.collab-proxy@1.3.9
  com.unity.ide.rider@2.0.7
  com.unity.ide.visualstudio@2.0.7
  com.unity.ide.vscode@1.2.3
  com.unity.modules.ai@1.0.0
  com.unity.modules.androidjni@1.0.0
  com.unity.modules.animation@1.0.0
  com.unity.modules.assetbundle@1.0.0
  com.unity.modules.audio@1.0.0
  com.unity.modules.cloth@1.0.0
  com.unity.modules.director@1.0.0
  com.unity.modules.imageconversion@1.0.0
  com.unity.modules.imgui@1.0.0
  com.unity.modules.jsonserialize@1.0.0
  com.unity.modules.particlesystem@1.0.0
  com.unity.modules.physics@1.0.0
  com.unity.modules.physics2d@1.0.0
  com.unity.modules.screencapture@1.0.0
  com.unity.modules.terrain@1.0.0
  com.unity.modules.terrainphysics@1.0.0
  com.unity.modules.tilemap@1.0.0
  com.unity.modules.ui@1.0.0
  com.unity.modules.uielements@1.0.0
  com.unity.modules.umbra@1.0.0
  com.unity.modules.unityanalytics@1.0.0
  com.unity.modules.unitywebrequest@1.0.0
  com.unity.modules.unitywebrequestassetbundle@1.0.0
  com.unity.modules.unitywebrequestaudio@1.0.0
  com.unity.modules.unitywebrequesttexture@1.0.0
  com.unity.modules.unitywebrequestwww@1.0.0
  com.unity.modules.vehicles@1.0.0
  com.unity.modules.video@1.0.0
  com.unity.modules.vr@1.0.0
  com.unity.modules.wind@1.0.0
  com.unity.modules.xr@1.0.0
  com.unity.test-framework@1.1.24
  com.unity.textmeshpro@3.0.4
  com.unity.timeline@1.4.7
  com.unity.ugui@1.0.0

=== Tue Dec 21 14:04:56 2021

Packages were changed.
Update Mode: mergeDefaultDependencies

The following packages were added:
  com.unity.collab-proxy@1.2.16

=== Thu Dec 23 23:39:11 2021

Packages were changed.
Update Mode: mergeDefaultDependencies

The following packages were added:
  com.unity.collab-proxy@1.2.16

=== Wed Feb  8 20:55:17 2023

Packages were changed.
Update Mode: updateDependencies

The following packages were updated:
  com.unity.ads from version 3.6.1 to 3.7.5
  com.unity.analytics from version 3.3.5 to 3.6.12
  com.unity.ide.rider from version 1.1.4 to 3.0.16
  com.unity.ide.vscode from version 1.2.3 to 1.2.5
  com.unity.purchasing from version 2.2.2 to 4.5.1
  com.unity.test-framework from version 1.1.22 to 1.1.31
  com.unity.textmeshpro from version 2.0.1 to 3.0.6
  com.unity.timeline from version 1.2.18 to 1.6.4
  com.unity.xr.legacyinputhelpers from version 2.1.7 to 2.1.10
The following packages were removed:
  com.unity.multiplayer-hlapi@1.0.8

=== Sat Feb 11 18:51:27 2023

Packages were changed.
Update Mode: updateDependencies

The following packages were updated:
  com.unity.collab-proxy from version 1.2.16 to 1.17.7
  com.unity.ide.rider from version 1.1.4 to 3.0.16
  com.unity.ide.vscode from version 1.2.1 to 1.2.5
  com.unity.test-framework from version 1.1.16 to 1.1.31
  com.unity.textmeshpro from version 2.0.1 to 3.0.6
  com.unity.timeline from version 1.2.14 to 1.6.4

=== Sat Feb 11 18:51:27 2023

Packages were changed.
Update Mode: mergeDefaultDependencies

The following packages were added:
  com.unity.collab-proxy@1.17.7

=== Mon Feb 13 06:35:31 2023

Packages were changed.
Update Mode: updateDependencies

The following packages were updated:
  com.unity.inputsystem from version 1.3.0 to 1.4.4
  com.unity.render-pipelines.universal from version 12.1.6 to 12.1.8

=== Mon Feb 13 06:35:32 2023

Packages were changed.
Update Mode: mergeDefaultDependencies

The following packages were added:
  com.unity.cinemachine@2.8.9
  com.unity.render-pipelines.universal@12.1.8

=== Mon Feb 13 07:07:07 2023

Packages were changed.
Update Mode: updateDependencies

The following packages were updated:
  com.unity.inputsystem from version 1.3.0 to 1.4.4
  com.unity.render-pipelines.universal from version 12.1.6 to 12.1.8

=== Mon Feb 13 07:10:05 2023

Packages were changed.
Update Mode: updateDependencies

The following packages were updated:
  com.unity.inputsystem from version 1.3.0 to 1.4.4
  com.unity.render-pipelines.universal from version 12.1.6 to 12.1.8
